Success sending mail.. kishor4shinde@gmail.com  Status=:Success  Time:2019-12-04 08:07:39pm
Success sending mail.. kishor4shinde@gmail.com  Status=:Success  Time:2019-12-04 08:09:55pm
Success sending mail.. kishor4shinde@gmail.com  Status=:Success  Time:2019-12-04 08:10:55pm
Success sending mail.. kishor4shinde@gmail.com  Status=:Success  Time:2019-12-04 08:12:07pm
Success sending mail.. kishor4shinde@gmail.com  Status=:Success  Time:2019-12-04 08:13:42pm
Success sending mail.. kishor4shinde@gmail.com  Status=:Success  Time:2019-12-04 08:38:14pm
Success sending mail.. kishor4shinde@gmail.com  Status=:Success  Time:2019-12-04 08:40:06pm
Success sending mail.. kishor4shinde@gmail.com  Status=:Success  Time:2019-12-04 08:41:33pm
Success sending mail.. kishor4shinde@gmail.com  Status=:Success  Time:2019-12-04 10:02:07pm
Success sending mail.. kishor4shinde@gmail.com  Status=:Success  Time:2019-12-04 10:34:49pm
Success sending mail.. kishor4shinde@gmail.com  Status=:Success  Time:2019-12-04 10:42:09pm
Success sending mail.. kishor4shinde@gmail.com  Status=:Success  Time:2019-12-05 12:59:55am
Success sending mail.. kishor4shinde@gmail.com  Status=:Success  Time:2019-12-05 01:02:03am
Success sending mail.. kishor4shinde@gmail.com  Status=:Success  Time:2019-12-05 01:52:48am
Success sending mail.. kishor4shinde@gmail.com  Status=:Success  Time:2019-12-05 01:54:36am
Success sending mail.. kishor4shinde@gmail.com  Status=:Success  Time:2019-12-05 01:55:59am
Success sending mail.. kishor4shinde@gmail.com  Status=:Success  Time:2019-12-05 01:57:53am
Success sending mail.. kishor4shinde@gmail.com  Status=:Success  Time:2019-12-05 01:59:08am
Success sending mail.. kishor4shinde@gmail.com  Status=:Success  Time:2019-12-05 01:12:04pm
Success sending mail.. kishor4shinde@gmail.com  Status=:Success  Time:2019-12-05 02:17:45pm
Success sending mail.. kishor4shinde@gmail.com  Status=:Success  Time:2019-12-05 02:21:31pm
Success sending mail.. kishor4shinde@gmail.com  Status=:Success  Time:2019-12-05 02:25:58pm
Success sending mail.. kishor4shinde@gmail.com  Status=:Success  Time:2019-12-05 02:27:18pm
Success sending mail.. kishor4shinde@gmail.com  Status=:Success  Time:2019-12-05 02:28:04pm
Success sending mail.. kishor4shinde@gmail.com  Status=:Success  Time:2019-12-05 02:29:37pm
Success sending mail.. kishor4shinde@gmail.com  Status=:Success  Time:2019-12-05 03:08:17pm
Success sending mail.. kishor4shinde@hotmail.com  Status=:Success  Time:2019-12-05 03:11:20pm
Success sending mail.. kishor4shinde@gmail.com  Status=:Success  Time:2019-12-05 03:11:55pm
Success sending mail.. kishor4shinde@gmail.com  Status=:Success  Time:2019-12-05 03:18:58pm
Success sending mail.. kishor4shinde@gmail.com  Status=:Success  Time:2019-12-05 06:12:24pm
Success sending mail.. kishor4shinde@gmail.com  Status=:Success  Time:2019-12-05 06:14:41pm
Success sending mail.. kishor4shinde@gmail.com  Status=:Success  Time:2019-12-09 02:59:23am
Success sending mail.. kishor4shinde@gmail.com  Status=:Success  Time:2019-12-09 03:14:21am
Success sending mail.. kishor4shinde@gmail.com  Status=:Success  Time:2019-12-09 03:18:53am
Success sending mail.. sonalibh1997@gmail.com  Status=:Success  Time:2019-12-09 03:28:12am
Success sending mail.. sonalibh1997@gmail.com  Status=:Success  Time:2019-12-09 03:47:15am
Success sending mail.. sonalibh1997@gmail.com  Status=:Success  Time:2019-12-09 04:01:28am
Success sending mail.. kishor4shinde@gmail.com  Status=:Success  Time:2019-12-13 04:09:10pm
Success sending mail.. aasksoft@gmail.com  Status=:Success  Time:2019-12-24 03:06:38pm
Success sending mail.. aasksoftware@gmail.com  Status=:Success  Time:2019-12-24 03:16:24pm
Success sending mail.. kishor4shinde@gmail.com  Status=:Success  Time:2019-12-24 07:09:43pm
Success sending mail.. aasksoftware@gmail.com  Status=:Success  Time:2019-12-24 07:09:47pm
Success sending mail.. kishor4shinde@gmail.com  Status=:Success  Time:2019-12-24 07:13:15pm
Success sending mail.. aasksoftware@gmail.com  Status=:Success  Time:2019-12-24 07:13:18pm
Success sending mail.. kishor4shinde@gmail.com  Status=:Success  Time:2019-12-24 07:50:49pm
Success sending mail.. kishor4shinde@gmail.com  Status=:Success  Time:2019-12-24 08:17:37pm
Success sending mail.. aasksoftware@gmail.com  Status=:Success  Time:2019-12-25 12:59:23am
Success sending mail.. sonalibh1997@gmail.com  Status=:Success  Time:2020-01-02 04:00:17am
Success sending mail.. bhosalesonali@gmail.com  Status=:Success  Time:2020-01-02 04:02:25am
Success sending mail.. sonalibh1997@gmail.com  Status=:Success  Time:2020-01-02 04:23:51am
Success sending mail.. sonalibh1997@gmail.com  Status=:Success  Time:2020-01-02 04:32:13am
Success sending mail.. sonalibh1997@gmail.com  Status=:Success  Time:2020-01-02 04:42:28am
Success sending mail.. sonalibh1997@gmail.com  Status=:Success  Time:2020-01-02 04:47:30am
Success sending mail.. sonalibh1997@gmail.com  Status=:Success  Time:2020-01-02 04:52:24am
Success sending mail.. sonalibh1997@gmail.com  Status=:Success  Time:2020-01-02 04:58:40am
Success sending mail.. sonalibh1997@gmail.com  Status=:Success  Time:2020-01-02 05:04:46am
Success sending mail.. kishor4shinde@gmail.com  Status=:Success  Time:2020-01-02 08:55:07pm
Success sending mail.. kishor4shinde@gmail.com  Status=:Success  Time:2020-01-02 09:03:18pm
Success sending mail.. kishor4shinde@gmail.com  Status=:Success  Time:2020-01-02 09:15:27pm
Success sending mail.. kishor4shinde@gmail.com  Status=:Success  Time:2020-01-03 08:43:20pm
Success sending mail.. kishor4shinde@gmail.com  Status=:Success  Time:2020-01-03 08:50:27pm
Success sending mail.. kishor4shinde@gmail.com  Status=:Success  Time:2020-01-03 08:51:09pm
Success sending mail.. kishor4shinde@gmail.com  Status=:Success  Time:2020-01-03 08:52:52pm
Success sending mail.. kishor4shinde@gmail.com  Status=:Success  Time:2020-01-03 08:54:54pm
Success sending mail.. kishor4shinde@gmail.com  Status=:Success  Time:2020-01-03 08:55:23pm
Success sending mail.. kishor4shinde@gmail.com  Status=:Success  Time:2020-02-19 02:21:11am
Success sending mail.. kishor4shinde@gmail.com  Status=:Success  Time:2020-02-19 02:24:51am
Success sending mail.. kishor4shinde@gmail.com  Status=:Success  Time:2020-02-19 01:43:10pm
Success sending mail.. kishor4shinde@gmail.com  Status=:Success  Time:2020-02-19 01:46:41pm
Success sending mail.. kishor4shinde@gmail.com  Status=:Success  Time:2020-02-19 01:47:33pm
Success sending mail.. aasksoftware@gmail.com  Status=:Success  Time:2020-02-19 02:06:35pm
Success sending mail.. kishor4shinde@gmail.com  Status=:Success  Time:2020-02-19 02:11:41pm
Success sending mail.. kishor4shinde@gmail.com  Status=:Success  Time:2020-02-19 02:12:24pm
Success sending mail.. sonalibh1997@gmail.com  Status=:Success  Time:2020-02-19 06:56:32pm
Success sending mail.. kishor4shinde@gmail.com  Status=:Success  Time:2020-02-19 09:28:35pm
Success sending mail.. kishor4shinde@gmail.com  Status=:Success  Time:2020-02-19 09:29:45pm
Success sending mail.. kishor4shinde@gmail.com  Status=:Success  Time:2020-02-20 01:10:45am
Success sending mail.. kishor4shinde@gmail.com  Status=:Success  Time:2020-02-20 01:13:00am
Success sending mail.. kishor4shinde@gmail.com  Status=:Success  Time:2020-02-20 12:04:16pm
Success sending mail.. kishor4shinde@gmail.com  Status=:Success  Time:2020-02-20 12:20:06pm
Success sending mail.. kishor4shinde@gmail.com  Status=:Success  Time:2020-02-21 12:19:19am
Success sending mail.. kishor4shinde@gmail.com  Status=:Success  Time:2020-02-21 01:18:15pm
Success sending mail.. kishor4shinde@gmail.com  Status=:Success  Time:2020-02-21 01:24:08pm
Success sending mail.. kishor4shinde@gmail.com  Status=:Success  Time:2020-02-21 01:26:11pm
Success sending mail.. kishor4shinde@gmail.com  Status=:Success  Time:2020-02-21 01:27:20pm
Success sending mail.. kishor4shinde@gmail.com  Status=:Success  Time:2020-02-21 01:45:14pm
Success sending mail.. kishor4shinde@gmail.com  Status=:Success  Time:2020-02-24 03:26:24am
Success sending mail.. kishor4shinde@gmail.com  Status=:Success  Time:2020-02-24 03:28:46am
Success sending mail.. kishor4shinde@gmail.com  Status=:Success  Time:2020-02-24 03:58:36am
Success sending mail.. kishor4shinde@gmail.com  Status=:Success  Time:2020-02-24 04:01:52am
Success sending mail.. aasksoftware@gmail.com  Status=:Success  Time:2020-02-24 04:07:11pm
Success sending mail.. aasksoftware@gmail.com  Status=:Success  Time:2020-02-24 07:02:58pm
Success sending mail.. aasksoftware@gmail.com  Status=:Success  Time:2020-02-24 07:14:58pm
Success sending mail.. aasksoftware@gmail.com  Status=:Success  Time:2020-02-24 07:16:06pm
Success sending mail.. aasksoftware@gmail.com  Status=:Success  Time:2020-02-24 07:47:55pm
Success sending mail.. aasksoftware@gmail.com  Status=:Success  Time:2020-02-24 07:51:41pm
Success sending mail.. kishor4shinde@gmail.com  Status=:Success  Time:2020-02-28 03:23:14am
Success sending mail.. kishor4shinde@gmail.com  Status=:Success  Time:2020-02-28 03:25:54am
Success sending mail.. kishor4shinde@gmail.com  Status=:Success  Time:2020-02-28 03:26:27am
Success sending mail.. kishor4shinde@gmail.com  Status=:Success  Time:2020-02-28 03:28:18am
Success sending mail.. kishor4shinde@gmail.com  Status=:Success  Time:2020-02-28 03:34:08am
Success sending mail.. kishor4shinde@gmail.com  Status=:Success  Time:2020-02-28 03:40:40am
Success sending mail.. kishor4shinde@gmail.com  Status=:Success  Time:2020-02-28 03:41:09am
Success sending mail.. kishor4shinde@gmail.com  Status=:Success  Time:2020-02-28 03:48:28am
Success sending mail.. kishor4shinde@gmail.com  Status=:Success  Time:2020-02-28 03:49:38am
Success sending mail.. kishor4shinde@gmail.com  Status=:Success  Time:2020-02-28 03:49:53am
Success sending mail.. kishor4shinde@gmail.com  Status=:Success  Time:2020-02-28 03:50:33am
Success sending mail.. kishor4shinde@gmail.com  Status=:Success  Time:2020-02-28 03:57:16am
Success sending mail.. kishor4shinde@gmail.com  Status=:Success  Time:2020-02-28 04:07:44am
Success sending mail.. kishor4shinde@gmail.com  Status=:Success  Time:2020-02-28 04:08:40am
Success sending mail.. kishor4shinde@gmail.com  Status=:Success  Time:2020-02-28 04:11:04am
Success sending mail.. kishor4shinde@gmail.com  Status=:Success  Time:2020-02-28 04:12:25am
Success sending mail.. kishor4shinde@gmail.com  Status=:Success  Time:2020-02-28 04:13:22am
Success sending mail.. kishor4shinde@gmail.com  Status=:Success  Time:2020-02-28 04:18:47am
Success sending mail.. kishor4shinde@gmail.com  Status=:Success  Time:2020-02-28 04:20:48am
Success sending mail.. kishor4shinde@gmail.com  Status=:Success  Time:2020-02-28 04:24:29am
Success sending mail.. kishor4shinde@gmail.com  Status=:Success  Time:2020-02-28 04:26:09am
Success sending mail.. kishor4shinde@gmail.com  Status=:Success  Time:2020-02-28 04:28:28am
Success sending mail.. kishor4shinde@gmail.com  Status=:Success  Time:2020-02-28 04:29:22am
Success sending mail.. kishor4shinde@gmail.com  Status=:Success  Time:2020-02-29 04:54:08pm
Success sending mail.. kishor4shinde@gmail.com  Status=:Success  Time:2020-03-14 08:46:40pm
Success sending mail.. kishor4shinde@gmail.com  Status=:Success  Time:2020-03-15 01:28:29am
Success sending mail.. kishor4shinde@gmail.com  Status=:Success  Time:2020-03-15 01:32:08am
Success sending mail.. kishor4shinde@gmail.com  Status=:Success  Time:2020-03-15 11:43:33am
Success sending mail.. kishor4shinde@gmail.com  Status=:Success  Time:2020-03-15 11:56:08am
Success sending mail.. kishor4shinde@gmail.com  Status=:Success  Time:2020-03-15 12:03:33pm
Success sending mail.. kishor4shinde@gmail.com  Status=:Success  Time:2020-03-15 12:05:35pm
Success sending mail.. kishor4shinde@gmail.com  Status=:Success  Time:2020-03-15 12:07:37pm
Success sending mail.. kishor4shinde@gmail.com  Status=:Success  Time:2020-03-15 01:44:28pm
Success sending mail.. kishor4shinde@gmail.com  Status=:Success  Time:2020-03-15 01:46:45pm
Success sending mail.. kishor4shinde@gmail.com  Status=:Success  Time:2020-03-15 01:49:16pm
Success sending mail.. kishor4shinde@gmail.com  Status=:Success  Time:2020-03-15 01:50:16pm
Success sending mail.. aasksoftware@gmail.com  Status=:Success  Time:2020-03-15 02:12:41pm
Success sending mail.. kishor4shinde@gmail.com  Status=:Success  Time:2020-03-15 02:55:36pm
Success sending mail.. kishor4shinde@gmail.com  Status=:Success  Time:2020-03-15 02:57:34pm
Success sending mail.. kishor4shinde@gmail.com  Status=:Success  Time:2020-03-15 03:17:35pm
Success sending mail.. kishor4shinde@gmail.com  Status=:Success  Time:2020-03-15 03:21:17pm
Success sending mail.. kishor@gmail.com  Status=:Success  Time:2020-03-15 04:22:36pm
Success sending mail.. sonalibh1997@gmail.com  Status=:Success  Time:2020-03-15 04:24:05pm
Success sending mail.. kishor4shinde@gmail.com  Status=:Success  Time:2020-03-15 04:38:14pm
Success sending mail.. kishor4shinde@gmail.com  Status=:Success  Time:2020-03-15 04:40:06pm
Success sending mail.. kishor4shinde@gmail.com  Status=:Success  Time:2020-03-15 05:06:14pm
Success sending mail.. kishor4shinde@gmail.com  Status=:Success  Time:2020-03-15 05:08:00pm
Success sending mail.. kishor4shinde@gmail.com  Status=:Success  Time:2020-03-15 05:25:55pm
Success sending mail.. kishor4shinde@gmail.com  Status=:Success  Time:2020-03-16 10:40:21pm
Success sending mail.. kishor4shinde@gmail.com  Status=:Success  Time:2020-03-16 10:41:45pm
Success sending mail.. kishor4shinde@gmail.com  Status=:Success  Time:2020-03-16 10:49:31pm
